{"C:\\Users\\notre\\OneDrive\\Documentos\\Projetos\\Teste Front-end\\comic-characters\\src\\components\\Details\\ComicDetails\\ComicDetails.tsx": {"path":"C:\\Users\\notre\\OneDrive\\Documentos\\Projetos\\Teste Front-end\\comic-characters\\src\\components\\Details\\ComicDetails\\ComicDetails.tsx","statementMap":{"0":{"start":{"line":13,"column":0},"end":{"line":13,"column":16}},"1":{"start":{"line":1,"column":0},"end":{"line":1,"column":27}},"2":{"start":{"line":14,"column":2},"end":{"line":50,"column":null}},"3":{"start":{"line":21,"column":14},"end":{"line":22,"column":46}},"4":{"start":{"line":26,"column":12},"end":{"line":26,"column":32}},"5":{"start":{"line":33,"column":20},"end":{"line":34,"column":null}}},"fnMap":{"0":{"name":"ComicDetails","decl":{"start":{"line":13,"column":16},"end":{"line":13,"column":28}},"loc":{"start":{"line":13,"column":58},"end":{"line":51,"column":1}}},"1":{"name":"(anonymous_1)","decl":{"start":{"line":20,"column":12},"end":{"line":20,"column":13}},"loc":{"start":{"line":21,"column":14},"end":{"line":22,"column":46}}},"2":{"name":"(anonymous_2)","decl":{"start":{"line":25,"column":15},"end":{"line":25,"column":16}},"loc":{"start":{"line":26,"column":12},"end":{"line":26,"column":32}}},"3":{"name":"(anonymous_3)","decl":{"start":{"line":32,"column":25},"end":{"line":32,"column":26}},"loc":{"start":{"line":32,"column":31},"end":{"line":35,"column":17}}}},"branchMap":{},"s":{"0":1,"1":1,"2":4,"3":3,"4":7,"5":1},"f":{"0":4,"1":3,"2":7,"3":1},"b":{}}
,"C:\\Users\\notre\\OneDrive\\Documentos\\Projetos\\Teste Front-end\\comic-characters\\src\\components\\Details\\HeroDetails\\HeroDetails.tsx": {"path":"C:\\Users\\notre\\OneDrive\\Documentos\\Projetos\\Teste Front-end\\comic-characters\\src\\components\\Details\\HeroDetails\\HeroDetails.tsx","statementMap":{"0":{"start":{"line":21,"column":0},"end":{"line":21,"column":16}},"1":{"start":{"line":1,"column":0},"end":{"line":1,"column":26}},"2":{"start":{"line":3,"column":0},"end":{"line":3,"column":47}},"3":{"start":{"line":5,"column":0},"end":{"line":5,"column":49}},"4":{"start":{"line":7,"column":0},"end":{"line":7,"column":51}},"5":{"start":{"line":8,"column":0},"end":{"line":8,"column":68}},"6":{"start":{"line":9,"column":0},"end":{"line":9,"column":43}},"7":{"start":{"line":29,"column":32},"end":{"line":29,"column":47}},"8":{"start":{"line":32,"column":2},"end":{"line":35,"column":null}},"9":{"start":{"line":33,"column":27},"end":{"line":33,"column":80}},"10":{"start":{"line":34,"column":4},"end":{"line":34,"column":46}},"11":{"start":{"line":37,"column":31},"end":{"line":60,"column":3}},"12":{"start":{"line":38,"column":27},"end":{"line":38,"column":80}},"13":{"start":{"line":39,"column":30},"end":{"line":39,"column":59}},"14":{"start":{"line":41,"column":4},"end":{"line":59,"column":5}},"15":{"start":{"line":43,"column":31},"end":{"line":44,"column":null}},"16":{"start":{"line":44,"column":26},"end":{"line":44,"column":39}},"17":{"start":{"line":46,"column":6},"end":{"line":46,"column":null}},"18":{"start":{"line":47,"column":6},"end":{"line":47,"column":null}},"19":{"start":{"line":50,"column":6},"end":{"line":53,"column":7}},"20":{"start":{"line":51,"column":8},"end":{"line":51,"column":null}},"21":{"start":{"line":52,"column":8},"end":{"line":52,"column":14}},"22":{"start":{"line":56,"column":6},"end":{"line":56,"column":null}},"23":{"start":{"line":57,"column":6},"end":{"line":57,"column":null}},"24":{"start":{"line":58,"column":6},"end":{"line":58,"column":null}},"25":{"start":{"line":63,"column":24},"end":{"line":67,"column":4}},"26":{"start":{"line":69,"column":2},"end":{"line":111,"column":null}}},"fnMap":{"0":{"name":"HeroDetails","decl":{"start":{"line":21,"column":16},"end":{"line":21,"column":27}},"loc":{"start":{"line":28,"column":19},"end":{"line":112,"column":1}}},"1":{"name":"(anonymous_2)","decl":{"start":{"line":32,"column":12},"end":{"line":32,"column":15}},"loc":{"start":{"line":32,"column":17},"end":{"line":35,"column":3}}},"2":{"name":"(anonymous_3)","decl":{"start":{"line":37,"column":31},"end":{"line":37,"column":34}},"loc":{"start":{"line":37,"column":36},"end":{"line":60,"column":3}}},"3":{"name":"(anonymous_4)","decl":{"start":{"line":44,"column":8},"end":{"line":44,"column":9}},"loc":{"start":{"line":44,"column":26},"end":{"line":44,"column":39}}}},"branchMap":{"0":{"loc":{"start":{"line":33,"column":38},"end":{"line":33,"column":79}},"type":"binary-expr","locations":[{"start":{"line":33,"column":38},"end":{"line":33,"column":71}},{"start":{"line":33,"column":75},"end":{"line":33,"column":79}}]},"1":{"loc":{"start":{"line":38,"column":38},"end":{"line":38,"column":79}},"type":"binary-expr","locations":[{"start":{"line":38,"column":38},"end":{"line":38,"column":71}},{"start":{"line":38,"column":75},"end":{"line":38,"column":79}}]},"2":{"loc":{"start":{"line":41,"column":4},"end":{"line":59,"column":5}},"type":"if","locations":[{"start":{"line":41,"column":4},"end":{"line":59,"column":5}},{"start":{"line":48,"column":11},"end":{"line":59,"column":5}}]},"3":{"loc":{"start":{"line":50,"column":6},"end":{"line":53,"column":7}},"type":"if","locations":[{"start":{"line":50,"column":6},"end":{"line":53,"column":7}}]},"4":{"loc":{"start":{"line":77,"column":11},"end":{"line":77,"column":66}},"type":"cond-expr","locations":[{"start":{"line":77,"column":25},"end":{"line":77,"column":36}},{"start":{"line":77,"column":39},"end":{"line":77,"column":66}}]}},"s":{"0":1,"1":1,"2":1,"3":1,"4":1,"5":1,"6":1,"7":1,"8":1,"9":1,"10":1,"11":1,"12":0,"13":0,"14":0,"15":0,"16":0,"17":0,"18":0,"19":0,"20":0,"21":0,"22":0,"23":0,"24":0,"25":1,"26":1},"f":{"0":1,"1":1,"2":0,"3":0},"b":{"0":[1,1],"1":[0,0],"2":[0,0],"3":[0],"4":[1,0]}}
,"C:\\Users\\notre\\OneDrive\\Documentos\\Projetos\\Teste Front-end\\comic-characters\\src\\components\\Footer\\Footer.tsx": {"path":"C:\\Users\\notre\\OneDrive\\Documentos\\Projetos\\Teste Front-end\\comic-characters\\src\\components\\Footer\\Footer.tsx","statementMap":{"0":{"start":{"line":4,"column":0},"end":{"line":4,"column":16}},"1":{"start":{"line":1,"column":0},"end":{"line":1,"column":21}},"2":{"start":{"line":5,"column":15},"end":{"line":5,"column":39}},"3":{"start":{"line":6,"column":2},"end":{"line":10,"column":null}}},"fnMap":{"0":{"name":"Footer","decl":{"start":{"line":4,"column":16},"end":{"line":4,"column":22}},"loc":{"start":{"line":4,"column":22},"end":{"line":11,"column":1}}}},"branchMap":{},"s":{"0":1,"1":1,"2":1,"3":1},"f":{"0":1},"b":{}}
,"C:\\Users\\notre\\OneDrive\\Documentos\\Projetos\\Teste Front-end\\comic-characters\\src\\components\\HeroToolbar\\HeroToolbar.tsx": {"path":"C:\\Users\\notre\\OneDrive\\Documentos\\Projetos\\Teste Front-end\\comic-characters\\src\\components\\HeroToolbar\\HeroToolbar.tsx","statementMap":{"0":{"start":{"line":23,"column":0},"end":{"line":23,"column":16}},"1":{"start":{"line":1,"column":0},"end":{"line":1,"column":32}},"2":{"start":{"line":3,"column":0},"end":{"line":3,"column":45}},"3":{"start":{"line":5,"column":0},"end":{"line":5,"column":53}},"4":{"start":{"line":7,"column":0},"end":{"line":7,"column":55}},"5":{"start":{"line":9,"column":0},"end":{"line":9,"column":54}},"6":{"start":{"line":11,"column":0},"end":{"line":11,"column":46}},"7":{"start":{"line":12,"column":0},"end":{"line":12,"column":26}},"8":{"start":{"line":30,"column":40},"end":{"line":30,"column":67}},"9":{"start":{"line":32,"column":30},"end":{"line":35,"column":3}},"10":{"start":{"line":33,"column":4},"end":{"line":33,"column":null}},"11":{"start":{"line":34,"column":4},"end":{"line":34,"column":null}},"12":{"start":{"line":37,"column":2},"end":{"line":76,"column":null}}},"fnMap":{"0":{"name":"HeroToolbar","decl":{"start":{"line":23,"column":16},"end":{"line":23,"column":27}},"loc":{"start":{"line":29,"column":19},"end":{"line":77,"column":1}}},"1":{"name":"(anonymous_2)","decl":{"start":{"line":32,"column":30},"end":{"line":32,"column":33}},"loc":{"start":{"line":32,"column":35},"end":{"line":35,"column":3}}}},"branchMap":{"0":{"loc":{"start":{"line":41,"column":11},"end":{"line":43,"column":49}},"type":"cond-expr","locations":[{"start":{"line":42,"column":14},"end":{"line":42,"column":47}},{"start":{"line":43,"column":14},"end":{"line":43,"column":49}}]},"1":{"loc":{"start":{"line":56,"column":17},"end":{"line":56,"column":56}},"type":"cond-expr","locations":[{"start":{"line":56,"column":32},"end":{"line":56,"column":42}},{"start":{"line":56,"column":45},"end":{"line":56,"column":56}}]},"2":{"loc":{"start":{"line":65,"column":41},"end":{"line":65,"column":68}},"type":"cond-expr","locations":[{"start":{"line":65,"column":55},"end":{"line":65,"column":63}},{"start":{"line":65,"column":66},"end":{"line":65,"column":68}}]},"3":{"loc":{"start":{"line":68,"column":17},"end":{"line":68,"column":48}},"type":"cond-expr","locations":[{"start":{"line":68,"column":31},"end":{"line":68,"column":40}},{"start":{"line":68,"column":43},"end":{"line":68,"column":48}}]}},"s":{"0":1,"1":1,"2":1,"3":1,"4":1,"5":1,"6":1,"7":1,"8":7,"9":7,"10":2,"11":2,"12":7},"f":{"0":7,"1":2},"b":{"0":[0,7],"1":[0,7],"2":[1,6],"3":[1,6]}}
,"C:\\Users\\notre\\OneDrive\\Documentos\\Projetos\\Teste Front-end\\comic-characters\\src\\components\\LikeButton\\LikeButton.tsx": {"path":"C:\\Users\\notre\\OneDrive\\Documentos\\Projetos\\Teste Front-end\\comic-characters\\src\\components\\LikeButton\\LikeButton.tsx","statementMap":{"0":{"start":{"line":12,"column":0},"end":{"line":12,"column":16}},"1":{"start":{"line":2,"column":0},"end":{"line":2,"column":47}},"2":{"start":{"line":4,"column":0},"end":{"line":4,"column":58}},"3":{"start":{"line":13,"column":2},"end":{"line":25,"column":null}}},"fnMap":{"0":{"name":"LikeButton","decl":{"start":{"line":12,"column":16},"end":{"line":12,"column":26}},"loc":{"start":{"line":12,"column":64},"end":{"line":26,"column":1}}}},"branchMap":{"0":{"loc":{"start":{"line":19,"column":13},"end":{"line":19,"column":48}},"type":"cond-expr","locations":[{"start":{"line":19,"column":23},"end":{"line":19,"column":37}},{"start":{"line":19,"column":40},"end":{"line":19,"column":48}}]},"1":{"loc":{"start":{"line":20,"column":13},"end":{"line":20,"column":44}},"type":"cond-expr","locations":[{"start":{"line":20,"column":23},"end":{"line":20,"column":30}},{"start":{"line":20,"column":33},"end":{"line":20,"column":44}}]}},"s":{"0":1,"1":1,"2":1,"3":3},"f":{"0":3},"b":{"0":[1,2],"1":[1,2]}}
,"C:\\Users\\notre\\OneDrive\\Documentos\\Projetos\\Teste Front-end\\comic-characters\\src\\components\\LikeHeroButton\\LikeHeroButton.tsx": {"path":"C:\\Users\\notre\\OneDrive\\Documentos\\Projetos\\Teste Front-end\\comic-characters\\src\\components\\LikeHeroButton\\LikeHeroButton.tsx","statementMap":{"0":{"start":{"line":11,"column":0},"end":{"line":11,"column":16}},"1":{"start":{"line":2,"column":0},"end":{"line":2,"column":43}},"2":{"start":{"line":4,"column":0},"end":{"line":4,"column":48}},"3":{"start":{"line":12,"column":22},"end":{"line":14,"column":3}},"4":{"start":{"line":13,"column":4},"end":{"line":13,"column":null}},"5":{"start":{"line":16,"column":2},"end":{"line":28,"column":null}}},"fnMap":{"0":{"name":"LikeHeroButton","decl":{"start":{"line":11,"column":16},"end":{"line":11,"column":30}},"loc":{"start":{"line":11,"column":72},"end":{"line":29,"column":1}}},"1":{"name":"(anonymous_2)","decl":{"start":{"line":12,"column":22},"end":{"line":12,"column":25}},"loc":{"start":{"line":12,"column":27},"end":{"line":14,"column":3}}}},"branchMap":{"0":{"loc":{"start":{"line":22,"column":13},"end":{"line":22,"column":37}},"type":"cond-expr","locations":[{"start":{"line":22,"column":23},"end":{"line":22,"column":27}},{"start":{"line":22,"column":30},"end":{"line":22,"column":37}}]},"1":{"loc":{"start":{"line":23,"column":13},"end":{"line":23,"column":44}},"type":"cond-expr","locations":[{"start":{"line":23,"column":23},"end":{"line":23,"column":30}},{"start":{"line":23,"column":33},"end":{"line":23,"column":44}}]}},"s":{"0":2,"1":2,"2":2,"3":5,"4":2,"5":5},"f":{"0":5,"1":2},"b":{"0":[1,4],"1":[1,4]}}
,"C:\\Users\\notre\\OneDrive\\Documentos\\Projetos\\Teste Front-end\\comic-characters\\src\\components\\Navbar\\Navbar.tsx": {"path":"C:\\Users\\notre\\OneDrive\\Documentos\\Projetos\\Teste Front-end\\comic-characters\\src\\components\\Navbar\\Navbar.tsx","statementMap":{"0":{"start":{"line":6,"column":0},"end":{"line":6,"column":16}},"1":{"start":{"line":1,"column":0},"end":{"line":1,"column":21}},"2":{"start":{"line":3,"column":0},"end":{"line":3,"column":42}},"3":{"start":{"line":7,"column":2},"end":{"line":16,"column":null}}},"fnMap":{"0":{"name":"Navbar","decl":{"start":{"line":6,"column":16},"end":{"line":6,"column":22}},"loc":{"start":{"line":6,"column":22},"end":{"line":17,"column":1}}}},"branchMap":{},"s":{"0":1,"1":1,"2":1,"3":3},"f":{"0":3},"b":{}}
,"C:\\Users\\notre\\OneDrive\\Documentos\\Projetos\\Teste Front-end\\comic-characters\\src\\components\\SearchBar\\SearchBar.tsx": {"path":"C:\\Users\\notre\\OneDrive\\Documentos\\Projetos\\Teste Front-end\\comic-characters\\src\\components\\SearchBar\\SearchBar.tsx","statementMap":{"0":{"start":{"line":12,"column":0},"end":{"line":12,"column":16}},"1":{"start":{"line":1,"column":0},"end":{"line":1,"column":24}},"2":{"start":{"line":3,"column":0},"end":{"line":3,"column":44}},"3":{"start":{"line":13,"column":28},"end":{"line":15,"column":3}},"4":{"start":{"line":14,"column":4},"end":{"line":14,"column":null}},"5":{"start":{"line":17,"column":2},"end":{"line":28,"column":null}}},"fnMap":{"0":{"name":"SearchBar","decl":{"start":{"line":12,"column":16},"end":{"line":12,"column":25}},"loc":{"start":{"line":12,"column":61},"end":{"line":29,"column":1}}},"1":{"name":"(anonymous_2)","decl":{"start":{"line":13,"column":28},"end":{"line":13,"column":29}},"loc":{"start":{"line":13,"column":65},"end":{"line":15,"column":3}}}},"branchMap":{},"s":{"0":1,"1":1,"2":1,"3":4,"4":1,"5":4},"f":{"0":4,"1":1},"b":{}}
,"C:\\Users\\notre\\OneDrive\\Documentos\\Projetos\\Teste Front-end\\comic-characters\\src\\components\\SearchHeros\\SearchHeros.tsx": {"path":"C:\\Users\\notre\\OneDrive\\Documentos\\Projetos\\Teste Front-end\\comic-characters\\src\\components\\SearchHeros\\SearchHeros.tsx","statementMap":{"0":{"start":{"line":13,"column":0},"end":{"line":13,"column":16}},"1":{"start":{"line":2,"column":0},"end":{"line":2,"column":44}},"2":{"start":{"line":3,"column":0},"end":{"line":3,"column":46}},"3":{"start":{"line":5,"column":0},"end":{"line":5,"column":26}},"4":{"start":{"line":14,"column":19},"end":{"line":14,"column":32}},"5":{"start":{"line":15,"column":27},"end":{"line":18,"column":3}},"6":{"start":{"line":16,"column":18},"end":{"line":16,"column":32}},"7":{"start":{"line":17,"column":4},"end":{"line":17,"column":null}},"8":{"start":{"line":20,"column":26},"end":{"line":22,"column":3}},"9":{"start":{"line":21,"column":4},"end":{"line":21,"column":null}},"10":{"start":{"line":24,"column":2},"end":{"line":40,"column":null}}},"fnMap":{"0":{"name":"SearchHeros","decl":{"start":{"line":13,"column":16},"end":{"line":13,"column":27}},"loc":{"start":{"line":13,"column":65},"end":{"line":41,"column":1}}},"1":{"name":"(anonymous_2)","decl":{"start":{"line":15,"column":27},"end":{"line":15,"column":28}},"loc":{"start":{"line":15,"column":64},"end":{"line":18,"column":3}}},"2":{"name":"(anonymous_3)","decl":{"start":{"line":20,"column":26},"end":{"line":20,"column":29}},"loc":{"start":{"line":20,"column":31},"end":{"line":22,"column":3}}}},"branchMap":{},"s":{"0":2,"1":2,"2":2,"3":2,"4":6,"5":6,"6":2,"7":2,"8":6,"9":1,"10":6},"f":{"0":6,"1":2,"2":1},"b":{}}
,"C:\\Users\\notre\\OneDrive\\Documentos\\Projetos\\Teste Front-end\\comic-characters\\src\\components\\TopBar\\TopBar.tsx": {"path":"C:\\Users\\notre\\OneDrive\\Documentos\\Projetos\\Teste Front-end\\comic-characters\\src\\components\\TopBar\\TopBar.tsx","statementMap":{"0":{"start":{"line":9,"column":0},"end":{"line":9,"column":16}},"1":{"start":{"line":1,"column":0},"end":{"line":1,"column":39}},"2":{"start":{"line":3,"column":0},"end":{"line":3,"column":46}},"3":{"start":{"line":4,"column":0},"end":{"line":4,"column":21}},"4":{"start":{"line":5,"column":0},"end":{"line":5,"column":56}},"5":{"start":{"line":6,"column":0},"end":{"line":6,"column":32}},"6":{"start":{"line":10,"column":40},"end":{"line":10,"column":52}},"7":{"start":{"line":12,"column":29},"end":{"line":14,"column":3}},"8":{"start":{"line":13,"column":4},"end":{"line":13,"column":null}},"9":{"start":{"line":16,"column":2},"end":{"line":32,"column":null}}},"fnMap":{"0":{"name":"TopBar","decl":{"start":{"line":9,"column":16},"end":{"line":9,"column":22}},"loc":{"start":{"line":9,"column":22},"end":{"line":33,"column":1}}},"1":{"name":"(anonymous_2)","decl":{"start":{"line":12,"column":29},"end":{"line":12,"column":30}},"loc":{"start":{"line":12,"column":47},"end":{"line":14,"column":3}}}},"branchMap":{},"s":{"0":1,"1":1,"2":1,"3":1,"4":1,"5":1,"6":3,"7":3,"8":1,"9":3},"f":{"0":3,"1":1},"b":{}}
}
