TN:
SF:src\components\Details\ComicDetails\ComicDetails.tsx
FN:13,ComicDetails
FN:20,(anonymous_1)
FN:25,(anonymous_2)
FN:32,(anonymous_3)
FNF:4
FNH:4
FNDA:4,ComicDetails
FNDA:3,(anonymous_1)
FNDA:7,(anonymous_2)
FNDA:1,(anonymous_3)
DA:1,1
DA:13,1
DA:14,4
DA:21,3
DA:26,7
DA:33,1
LF:6
LH:6
BRF:0
BRH:0
end_of_record
TN:
SF:src\components\Details\HeroDetails\HeroDetails.tsx
FN:21,HeroDetails
FN:32,(anonymous_2)
FN:37,(anonymous_3)
FN:44,(anonymous_4)
FNF:4
FNH:2
FNDA:1,HeroDetails
FNDA:1,(anonymous_2)
FNDA:0,(anonymous_3)
FNDA:0,(anonymous_4)
DA:1,1
DA:3,1
DA:5,1
DA:7,1
DA:8,1
DA:9,1
DA:21,1
DA:29,1
DA:32,1
DA:33,1
DA:34,1
DA:37,1
DA:38,0
DA:39,0
DA:41,0
DA:43,0
DA:44,0
DA:46,0
DA:47,0
DA:50,0
DA:51,0
DA:52,0
DA:56,0
DA:57,0
DA:58,0
DA:63,1
DA:69,1
LF:27
LH:14
BRDA:33,0,0,1
BRDA:33,0,1,1
BRDA:38,1,0,0
BRDA:38,1,1,0
BRDA:41,2,0,0
BRDA:41,2,1,0
BRDA:50,3,0,0
BRDA:77,4,0,1
BRDA:77,4,1,0
BRF:9
BRH:3
end_of_record
TN:
SF:src\components\Footer\Footer.tsx
FN:4,Footer
FNF:1
FNH:1
FNDA:1,Footer
DA:1,1
DA:4,1
DA:5,1
DA:6,1
LF:4
LH:4
BRF:0
BRH:0
end_of_record
TN:
SF:src\components\HeroToolbar\HeroToolbar.tsx
FN:23,HeroToolbar
FN:32,(anonymous_2)
FNF:2
FNH:2
FNDA:7,HeroToolbar
FNDA:2,(anonymous_2)
DA:1,1
DA:3,1
DA:5,1
DA:7,1
DA:9,1
DA:11,1
DA:12,1
DA:23,1
DA:30,7
DA:32,7
DA:33,2
DA:34,2
DA:37,7
LF:13
LH:13
BRDA:41,0,0,0
BRDA:41,0,1,7
BRDA:56,1,0,0
BRDA:56,1,1,7
BRDA:65,2,0,1
BRDA:65,2,1,6
BRDA:68,3,0,1
BRDA:68,3,1,6
BRF:8
BRH:6
end_of_record
TN:
SF:src\components\LikeButton\LikeButton.tsx
FN:12,LikeButton
FNF:1
FNH:1
FNDA:3,LikeButton
DA:2,1
DA:4,1
DA:12,1
DA:13,3
LF:4
LH:4
BRDA:19,0,0,1
BRDA:19,0,1,2
BRDA:20,1,0,1
BRDA:20,1,1,2
BRF:4
BRH:4
end_of_record
TN:
SF:src\components\LikeHeroButton\LikeHeroButton.tsx
FN:11,LikeHeroButton
FN:12,(anonymous_2)
FNF:2
FNH:2
FNDA:5,LikeHeroButton
FNDA:2,(anonymous_2)
DA:2,2
DA:4,2
DA:11,2
DA:12,5
DA:13,2
DA:16,5
LF:6
LH:6
BRDA:22,0,0,1
BRDA:22,0,1,4
BRDA:23,1,0,1
BRDA:23,1,1,4
BRF:4
BRH:4
end_of_record
TN:
SF:src\components\Navbar\Navbar.tsx
FN:6,Navbar
FNF:1
FNH:1
FNDA:3,Navbar
DA:1,1
DA:3,1
DA:6,1
DA:7,3
LF:4
LH:4
BRF:0
BRH:0
end_of_record
TN:
SF:src\components\SearchBar\SearchBar.tsx
FN:12,SearchBar
FN:13,(anonymous_2)
FNF:2
FNH:2
FNDA:4,SearchBar
FNDA:1,(anonymous_2)
DA:1,1
DA:3,1
DA:12,1
DA:13,4
DA:14,1
DA:17,4
LF:6
LH:6
BRF:0
BRH:0
end_of_record
TN:
SF:src\components\SearchHeros\SearchHeros.tsx
FN:13,SearchHeros
FN:15,(anonymous_2)
FN:20,(anonymous_3)
FNF:3
FNH:3
FNDA:6,SearchHeros
FNDA:2,(anonymous_2)
FNDA:1,(anonymous_3)
DA:2,2
DA:3,2
DA:5,2
DA:13,2
DA:14,6
DA:15,6
DA:16,2
DA:17,2
DA:20,6
DA:21,1
DA:24,6
LF:11
LH:11
BRF:0
BRH:0
end_of_record
TN:
SF:src\components\TopBar\TopBar.tsx
FN:9,TopBar
FN:12,(anonymous_2)
FNF:2
FNH:2
FNDA:3,TopBar
FNDA:1,(anonymous_2)
DA:1,1
DA:3,1
DA:4,1
DA:5,1
DA:6,1
DA:9,1
DA:10,3
DA:12,3
DA:13,1
DA:16,3
LF:10
LH:10
BRF:0
BRH:0
end_of_record
